[0.117s] DEBUG:colcon:Command line arguments: ['/usr/bin/colcon', 'build', '--symlink-install']
[0.118s] DEBUG:colcon:Parsed command line arguments: Namespace(log_base=None, log_level=None, verb_name='build', build_base='build', install_base='install', merge_install=False, symlink_install=True, test_result_base=None, continue_on_error=False, executor='parallel', parallel_workers=12, event_handlers=None, ignore_user_meta=False, metas=['./colcon.meta'], base_paths=['.'], packages_ignore=None, packages_ignore_regex=None, paths=None, packages_up_to=None, packages_up_to_regex=None, packages_above=None, packages_above_and_dependencies=None, packages_above_depth=None, packages_select_by_dep=None, packages_skip_by_dep=None, packages_skip_up_to=None, packages_select_build_failed=False, packages_skip_build_finished=False, packages_select_test_failures=False, packages_skip_test_passed=False, packages_select=None, packages_skip=None, packages_select_regex=None, packages_skip_regex=None, packages_start=None, packages_end=None, allow_overriding=[], cmake_args=None, cmake_target=None, cmake_target_skip_unavailable=False, cmake_clean_cache=False, cmake_clean_first=False, cmake_force_configure=False, ament_cmake_args=None, catkin_cmake_args=None, catkin_skip_building_tests=False, mixin_files=None, mixin=None, verb_parser=<colcon_mixin.mixin.mixin_argument.MixinArgumentDecorator object at 0x745da9572a10>, verb_extension=<colcon_core.verb.build.BuildVerb object at 0x745da95723e0>, main=<bound method BuildVerb.main of <colcon_core.verb.build.BuildVerb object at 0x745da95723e0>>, mixin_verb=('build',))
[0.279s] Level 1:colcon.colcon_core.package_discovery:discover_packages(colcon_meta) check parameters
[0.279s] Level 1:colcon.colcon_core.package_discovery:discover_packages(recursive) check parameters
[0.279s] Level 1:colcon.colcon_core.package_discovery:discover_packages(ignore) check parameters
[0.279s] Level 1:colcon.colcon_core.package_discovery:discover_packages(path) check parameters
[0.279s] Level 1:colcon.colcon_core.package_discovery:discover_packages(colcon_meta) discover
[0.279s] Level 1:colcon.colcon_core.package_discovery:discover_packages(recursive) discover
[0.279s] INFO:colcon.colcon_core.package_discovery:Crawling recursively for packages in '/home/arcs/WatcherSD/ros2_ws'
[0.279s] Level 1:colcon.colcon_core.package_identification:_identify(.) by extensions ['ignore', 'ignore_ament_install']
[0.280s] Level 1:colcon.colcon_core.package_identification:_identify(.) by extension 'ignore'
[0.280s] Level 1:colcon.colcon_core.package_identification:_identify(.) by extension 'ignore_ament_install'
[0.280s] Level 1:colcon.colcon_core.package_identification:_identify(.) by extensions ['colcon_pkg']
[0.280s] Level 1:colcon.colcon_core.package_identification:_identify(.) by extension 'colcon_pkg'
[0.280s] Level 1:colcon.colcon_core.package_identification:_identify(.) by extensions ['colcon_meta']
[0.280s] Level 1:colcon.colcon_core.package_identification:_identify(.) by extension 'colcon_meta'
[0.280s] Level 1:colcon.colcon_core.package_identification:_identify(.) by extensions ['ros']
[0.280s] Level 1:colcon.colcon_core.package_identification:_identify(.) by extension 'ros'
[0.287s] Level 1:colcon.colcon_core.package_identification:_identify(.) by extensions ['cmake', 'python']
[0.287s] Level 1:colcon.colcon_core.package_identification:_identify(.) by extension 'cmake'
[0.287s] Level 1:colcon.colcon_core.package_identification:_identify(.) by extension 'python'
[0.287s] Level 1:colcon.colcon_core.package_identification:_identify(.) by extensions ['python_setup_py']
[0.287s] Level 1:colcon.colcon_core.package_identification:_identify(.) by extension 'python_setup_py'
[0.287s] Level 1:colcon.colcon_core.package_identification:_identify(build) by extensions ['ignore', 'ignore_ament_install']
[0.287s] Level 1:colcon.colcon_core.package_identification:_identify(build) by extension 'ignore'
[0.287s] Level 1:colcon.colcon_core.package_identification:_identify(build) ignored
[0.288s] Level 1:colcon.colcon_core.package_identification:_identify(install) by extensions ['ignore', 'ignore_ament_install']
[0.288s] Level 1:colcon.colcon_core.package_identification:_identify(install) by extension 'ignore'
[0.288s] Level 1:colcon.colcon_core.package_identification:_identify(install) ignored
[0.288s] Level 1:colcon.colcon_core.package_identification:_identify(log) by extensions ['ignore', 'ignore_ament_install']
[0.288s] Level 1:colcon.colcon_core.package_identification:_identify(log) by extension 'ignore'
[0.288s] Level 1:colcon.colcon_core.package_identification:_identify(log) ignored
[0.288s] Level 1:colcon.colcon_core.package_identification:_identify(src) by extensions ['ignore', 'ignore_ament_install']
[0.288s] Level 1:colcon.colcon_core.package_identification:_identify(src) by extension 'ignore'
[0.288s] Level 1:colcon.colcon_core.package_identification:_identify(src) by extension 'ignore_ament_install'
[0.288s] Level 1:colcon.colcon_core.package_identification:_identify(src) by extensions ['colcon_pkg']
[0.288s] Level 1:colcon.colcon_core.package_identification:_identify(src) by extension 'colcon_pkg'
[0.288s] Level 1:colcon.colcon_core.package_identification:_identify(src) by extensions ['colcon_meta']
[0.288s] Level 1:colcon.colcon_core.package_identification:_identify(src) by extension 'colcon_meta'
[0.288s] Level 1:colcon.colcon_core.package_identification:_identify(src) by extensions ['ros']
[0.288s] Level 1:colcon.colcon_core.package_identification:_identify(src) by extension 'ros'
[0.288s] Level 1:colcon.colcon_core.package_identification:_identify(src) by extensions ['cmake', 'python']
[0.288s] Level 1:colcon.colcon_core.package_identification:_identify(src) by extension 'cmake'
[0.288s] Level 1:colcon.colcon_core.package_identification:_identify(src) by extension 'python'
[0.288s] Level 1:colcon.colcon_core.package_identification:_identify(src) by extensions ['python_setup_py']
[0.288s] Level 1:colcon.colcon_core.package_identification:_identify(src) by extension 'python_setup_py'
[0.288s] Level 1:colcon.colcon_core.package_identification:_identify(src/robot_sim) by extensions ['ignore', 'ignore_ament_install']
[0.288s] Level 1:colcon.colcon_core.package_identification:_identify(src/robot_sim) by extension 'ignore'
[0.288s] Level 1:colcon.colcon_core.package_identification:_identify(src/robot_sim) by extension 'ignore_ament_install'
[0.289s] Level 1:colcon.colcon_core.package_identification:_identify(src/robot_sim) by extensions ['colcon_pkg']
[0.289s] Level 1:colcon.colcon_core.package_identification:_identify(src/robot_sim) by extension 'colcon_pkg'
[0.289s] Level 1:colcon.colcon_core.package_identification:_identify(src/robot_sim) by extensions ['colcon_meta']
[0.289s] Level 1:colcon.colcon_core.package_identification:_identify(src/robot_sim) by extension 'colcon_meta'
[0.289s] Level 1:colcon.colcon_core.package_identification:_identify(src/robot_sim) by extensions ['ros']
[0.289s] Level 1:colcon.colcon_core.package_identification:_identify(src/robot_sim) by extension 'ros'
[0.291s] DEBUG:colcon.colcon_core.package_identification:Package 'src/robot_sim' with type 'ros.ament_cmake' and name 'robot_sim'
[0.291s] Level 1:colcon.colcon_core.package_identification:_identify(src/turtlebot3_simulations) by extensions ['ignore', 'ignore_ament_install']
[0.291s] Level 1:colcon.colcon_core.package_identification:_identify(src/turtlebot3_simulations) by extension 'ignore'
[0.291s] Level 1:colcon.colcon_core.package_identification:_identify(src/turtlebot3_simulations) by extension 'ignore_ament_install'
[0.291s] Level 1:colcon.colcon_core.package_identification:_identify(src/turtlebot3_simulations) by extensions ['colcon_pkg']
[0.291s] Level 1:colcon.colcon_core.package_identification:_identify(src/turtlebot3_simulations) by extension 'colcon_pkg'
[0.291s] Level 1:colcon.colcon_core.package_identification:_identify(src/turtlebot3_simulations) by extensions ['colcon_meta']
[0.291s] Level 1:colcon.colcon_core.package_identification:_identify(src/turtlebot3_simulations) by extension 'colcon_meta'
[0.291s] Level 1:colcon.colcon_core.package_identification:_identify(src/turtlebot3_simulations) by extensions ['ros']
[0.291s] Level 1:colcon.colcon_core.package_identification:_identify(src/turtlebot3_simulations) by extension 'ros'
[0.291s] Level 1:colcon.colcon_core.package_identification:_identify(src/turtlebot3_simulations) by extensions ['cmake', 'python']
[0.291s] Level 1:colcon.colcon_core.package_identification:_identify(src/turtlebot3_simulations) by extension 'cmake'
[0.291s] Level 1:colcon.colcon_core.package_identification:_identify(src/turtlebot3_simulations) by extension 'python'
[0.291s] Level 1:colcon.colcon_core.package_identification:_identify(src/turtlebot3_simulations) by extensions ['python_setup_py']
[0.291s] Level 1:colcon.colcon_core.package_identification:_identify(src/turtlebot3_simulations) by extension 'python_setup_py'
[0.291s] Level 1:colcon.colcon_core.package_identification:_identify(src/turtlebot3_simulations/turtlebot3_fake_node) by extensions ['ignore', 'ignore_ament_install']
[0.291s] Level 1:colcon.colcon_core.package_identification:_identify(src/turtlebot3_simulations/turtlebot3_fake_node) by extension 'ignore'
[0.292s] Level 1:colcon.colcon_core.package_identification:_identify(src/turtlebot3_simulations/turtlebot3_fake_node) by extension 'ignore_ament_install'
[0.292s] Level 1:colcon.colcon_core.package_identification:_identify(src/turtlebot3_simulations/turtlebot3_fake_node) by extensions ['colcon_pkg']
[0.292s] Level 1:colcon.colcon_core.package_identification:_identify(src/turtlebot3_simulations/turtlebot3_fake_node) by extension 'colcon_pkg'
[0.292s] Level 1:colcon.colcon_core.package_identification:_identify(src/turtlebot3_simulations/turtlebot3_fake_node) by extensions ['colcon_meta']
[0.292s] Level 1:colcon.colcon_core.package_identification:_identify(src/turtlebot3_simulations/turtlebot3_fake_node) by extension 'colcon_meta'
[0.292s] Level 1:colcon.colcon_core.package_identification:_identify(src/turtlebot3_simulations/turtlebot3_fake_node) by extensions ['ros']
[0.292s] Level 1:colcon.colcon_core.package_identification:_identify(src/turtlebot3_simulations/turtlebot3_fake_node) by extension 'ros'
[0.292s] DEBUG:colcon.colcon_core.package_identification:Package 'src/turtlebot3_simulations/turtlebot3_fake_node' with type 'ros.ament_cmake' and name 'turtlebot3_fake_node'
[0.293s] Level 1:colcon.colcon_core.package_identification:_identify(src/turtlebot3_simulations/turtlebot3_gazebo) by extensions ['ignore', 'ignore_ament_install']
[0.293s] Level 1:colcon.colcon_core.package_identification:_identify(src/turtlebot3_simulations/turtlebot3_gazebo) by extension 'ignore'
[0.293s] Level 1:colcon.colcon_core.package_identification:_identify(src/turtlebot3_simulations/turtlebot3_gazebo) by extension 'ignore_ament_install'
[0.293s] Level 1:colcon.colcon_core.package_identification:_identify(src/turtlebot3_simulations/turtlebot3_gazebo) by extensions ['colcon_pkg']
[0.293s] Level 1:colcon.colcon_core.package_identification:_identify(src/turtlebot3_simulations/turtlebot3_gazebo) by extension 'colcon_pkg'
[0.293s] Level 1:colcon.colcon_core.package_identification:_identify(src/turtlebot3_simulations/turtlebot3_gazebo) by extensions ['colcon_meta']
[0.293s] Level 1:colcon.colcon_core.package_identification:_identify(src/turtlebot3_simulations/turtlebot3_gazebo) by extension 'colcon_meta'
[0.293s] Level 1:colcon.colcon_core.package_identification:_identify(src/turtlebot3_simulations/turtlebot3_gazebo) by extensions ['ros']
[0.293s] Level 1:colcon.colcon_core.package_identification:_identify(src/turtlebot3_simulations/turtlebot3_gazebo) by extension 'ros'
[0.301s] DEBUG:colcon.colcon_core.package_identification:Package 'src/turtlebot3_simulations/turtlebot3_gazebo' with type 'ros.ament_cmake' and name 'turtlebot3_gazebo'
[0.301s] Level 1:colcon.colcon_core.package_identification:_identify(src/turtlebot3_simulations/turtlebot3_simulations) by extensions ['ignore', 'ignore_ament_install']
[0.301s] Level 1:colcon.colcon_core.package_identification:_identify(src/turtlebot3_simulations/turtlebot3_simulations) by extension 'ignore'
[0.301s] Level 1:colcon.colcon_core.package_identification:_identify(src/turtlebot3_simulations/turtlebot3_simulations) by extension 'ignore_ament_install'
[0.301s] Level 1:colcon.colcon_core.package_identification:_identify(src/turtlebot3_simulations/turtlebot3_simulations) by extensions ['colcon_pkg']
[0.301s] Level 1:colcon.colcon_core.package_identification:_identify(src/turtlebot3_simulations/turtlebot3_simulations) by extension 'colcon_pkg'
[0.301s] Level 1:colcon.colcon_core.package_identification:_identify(src/turtlebot3_simulations/turtlebot3_simulations) by extensions ['colcon_meta']
[0.301s] Level 1:colcon.colcon_core.package_identification:_identify(src/turtlebot3_simulations/turtlebot3_simulations) by extension 'colcon_meta'
[0.301s] Level 1:colcon.colcon_core.package_identification:_identify(src/turtlebot3_simulations/turtlebot3_simulations) by extensions ['ros']
[0.301s] Level 1:colcon.colcon_core.package_identification:_identify(src/turtlebot3_simulations/turtlebot3_simulations) by extension 'ros'
[0.302s] DEBUG:colcon.colcon_core.package_identification:Package 'src/turtlebot3_simulations/turtlebot3_simulations' with type 'ros.ament_cmake' and name 'turtlebot3_simulations'
[0.302s] Level 1:colcon.colcon_core.package_discovery:discover_packages(recursive) using defaults
[0.302s] Level 1:colcon.colcon_core.package_discovery:discover_packages(ignore) discover
[0.302s] Level 1:colcon.colcon_core.package_discovery:discover_packages(ignore) using defaults
[0.302s] Level 1:colcon.colcon_core.package_discovery:discover_packages(path) discover
[0.302s] Level 1:colcon.colcon_core.package_discovery:discover_packages(path) using defaults
[0.316s] Level 1:colcon.colcon_core.package_discovery:discover_packages(prefix_path) check parameters
[0.316s] Level 1:colcon.colcon_core.package_discovery:discover_packages(prefix_path) discover
[0.318s] DEBUG:colcon.colcon_installed_package_information.package_discovery:Found 416 installed packages in /opt/ros/humble
[0.319s] Level 1:colcon.colcon_core.package_discovery:discover_packages(prefix_path) using defaults
[0.354s] Level 5:colcon.colcon_core.verb:set package 'robot_sim' build argument 'cmake_args' from command line to 'None'
[0.354s] Level 5:colcon.colcon_core.verb:set package 'robot_sim' build argument 'cmake_target' from command line to 'None'
[0.354s] Level 5:colcon.colcon_core.verb:set package 'robot_sim' build argument 'cmake_target_skip_unavailable' from command line to 'False'
[0.354s] Level 5:colcon.colcon_core.verb:set package 'robot_sim' build argument 'cmake_clean_cache' from command line to 'False'
[0.354s] Level 5:colcon.colcon_core.verb:set package 'robot_sim' build argument 'cmake_clean_first' from command line to 'False'
[0.354s] Level 5:colcon.colcon_core.verb:set package 'robot_sim' build argument 'cmake_force_configure' from command line to 'False'
[0.354s] Level 5:colcon.colcon_core.verb:set package 'robot_sim' build argument 'ament_cmake_args' from command line to 'None'
[0.354s] Level 5:colcon.colcon_core.verb:set package 'robot_sim' build argument 'catkin_cmake_args' from command line to 'None'
[0.354s] Level 5:colcon.colcon_core.verb:set package 'robot_sim' build argument 'catkin_skip_building_tests' from command line to 'False'
[0.354s] DEBUG:colcon.colcon_core.verb:Building package 'robot_sim' with the following arguments: {'ament_cmake_args': None, 'build_base': '/home/arcs/WatcherSD/ros2_ws/build/robot_sim', 'catkin_cmake_args': None, 'catkin_skip_building_tests': False, 'cmake_args': None, 'cmake_clean_cache': False, 'cmake_clean_first': False, 'cmake_force_configure': False, 'cmake_target': None, 'cmake_target_skip_unavailable': False, 'install_base': '/home/arcs/WatcherSD/ros2_ws/install/robot_sim', 'merge_install': False, 'path': '/home/arcs/WatcherSD/ros2_ws/src/robot_sim', 'symlink_install': True, 'test_result_base': None}
[0.354s] Level 5:colcon.colcon_core.verb:set package 'turtlebot3_fake_node' build argument 'cmake_args' from command line to 'None'
[0.354s] Level 5:colcon.colcon_core.verb:set package 'turtlebot3_fake_node' build argument 'cmake_target' from command line to 'None'
[0.354s] Level 5:colcon.colcon_core.verb:set package 'turtlebot3_fake_node' build argument 'cmake_target_skip_unavailable' from command line to 'False'
[0.354s] Level 5:colcon.colcon_core.verb:set package 'turtlebot3_fake_node' build argument 'cmake_clean_cache' from command line to 'False'
[0.354s] Level 5:colcon.colcon_core.verb:set package 'turtlebot3_fake_node' build argument 'cmake_clean_first' from command line to 'False'
[0.354s] Level 5:colcon.colcon_core.verb:set package 'turtlebot3_fake_node' build argument 'cmake_force_configure' from command line to 'False'
[0.355s] Level 5:colcon.colcon_core.verb:set package 'turtlebot3_fake_node' build argument 'ament_cmake_args' from command line to 'None'
[0.355s] Level 5:colcon.colcon_core.verb:set package 'turtlebot3_fake_node' build argument 'catkin_cmake_args' from command line to 'None'
[0.355s] Level 5:colcon.colcon_core.verb:set package 'turtlebot3_fake_node' build argument 'catkin_skip_building_tests' from command line to 'False'
[0.355s] DEBUG:colcon.colcon_core.verb:Building package 'turtlebot3_fake_node' with the following arguments: {'ament_cmake_args': None, 'build_base': '/home/arcs/WatcherSD/ros2_ws/build/turtlebot3_fake_node', 'catkin_cmake_args': None, 'catkin_skip_building_tests': False, 'cmake_args': None, 'cmake_clean_cache': False, 'cmake_clean_first': False, 'cmake_force_configure': False, 'cmake_target': None, 'cmake_target_skip_unavailable': False, 'install_base': '/home/arcs/WatcherSD/ros2_ws/install/turtlebot3_fake_node', 'merge_install': False, 'path': '/home/arcs/WatcherSD/ros2_ws/src/turtlebot3_simulations/turtlebot3_fake_node', 'symlink_install': True, 'test_result_base': None}
[0.355s] Level 5:colcon.colcon_core.verb:set package 'turtlebot3_gazebo' build argument 'cmake_args' from command line to 'None'
[0.355s] Level 5:colcon.colcon_core.verb:set package 'turtlebot3_gazebo' build argument 'cmake_target' from command line to 'None'
[0.355s] Level 5:colcon.colcon_core.verb:set package 'turtlebot3_gazebo' build argument 'cmake_target_skip_unavailable' from command line to 'False'
[0.355s] Level 5:colcon.colcon_core.verb:set package 'turtlebot3_gazebo' build argument 'cmake_clean_cache' from command line to 'False'
[0.355s] Level 5:colcon.colcon_core.verb:set package 'turtlebot3_gazebo' build argument 'cmake_clean_first' from command line to 'False'
[0.355s] Level 5:colcon.colcon_core.verb:set package 'turtlebot3_gazebo' build argument 'cmake_force_configure' from command line to 'False'
[0.355s] Level 5:colcon.colcon_core.verb:set package 'turtlebot3_gazebo' build argument 'ament_cmake_args' from command line to 'None'
[0.355s] Level 5:colcon.colcon_core.verb:set package 'turtlebot3_gazebo' build argument 'catkin_cmake_args' from command line to 'None'
[0.355s] Level 5:colcon.colcon_core.verb:set package 'turtlebot3_gazebo' build argument 'catkin_skip_building_tests' from command line to 'False'
[0.355s] DEBUG:colcon.colcon_core.verb:Building package 'turtlebot3_gazebo' with the following arguments: {'ament_cmake_args': None, 'build_base': '/home/arcs/WatcherSD/ros2_ws/build/turtlebot3_gazebo', 'catkin_cmake_args': None, 'catkin_skip_building_tests': False, 'cmake_args': None, 'cmake_clean_cache': False, 'cmake_clean_first': False, 'cmake_force_configure': False, 'cmake_target': None, 'cmake_target_skip_unavailable': False, 'install_base': '/home/arcs/WatcherSD/ros2_ws/install/turtlebot3_gazebo', 'merge_install': False, 'path': '/home/arcs/WatcherSD/ros2_ws/src/turtlebot3_simulations/turtlebot3_gazebo', 'symlink_install': True, 'test_result_base': None}
[0.355s] Level 5:colcon.colcon_core.verb:set package 'turtlebot3_simulations' build argument 'cmake_args' from command line to 'None'
[0.355s] Level 5:colcon.colcon_core.verb:set package 'turtlebot3_simulations' build argument 'cmake_target' from command line to 'None'
[0.355s] Level 5:colcon.colcon_core.verb:set package 'turtlebot3_simulations' build argument 'cmake_target_skip_unavailable' from command line to 'False'
[0.355s] Level 5:colcon.colcon_core.verb:set package 'turtlebot3_simulations' build argument 'cmake_clean_cache' from command line to 'False'
[0.355s] Level 5:colcon.colcon_core.verb:set package 'turtlebot3_simulations' build argument 'cmake_clean_first' from command line to 'False'
[0.355s] Level 5:colcon.colcon_core.verb:set package 'turtlebot3_simulations' build argument 'cmake_force_configure' from command line to 'False'
[0.355s] Level 5:colcon.colcon_core.verb:set package 'turtlebot3_simulations' build argument 'ament_cmake_args' from command line to 'None'
[0.355s] Level 5:colcon.colcon_core.verb:set package 'turtlebot3_simulations' build argument 'catkin_cmake_args' from command line to 'None'
[0.355s] Level 5:colcon.colcon_core.verb:set package 'turtlebot3_simulations' build argument 'catkin_skip_building_tests' from command line to 'False'
[0.355s] DEBUG:colcon.colcon_core.verb:Building package 'turtlebot3_simulations' with the following arguments: {'ament_cmake_args': None, 'build_base': '/home/arcs/WatcherSD/ros2_ws/build/turtlebot3_simulations', 'catkin_cmake_args': None, 'catkin_skip_building_tests': False, 'cmake_args': None, 'cmake_clean_cache': False, 'cmake_clean_first': False, 'cmake_force_configure': False, 'cmake_target': None, 'cmake_target_skip_unavailable': False, 'install_base': '/home/arcs/WatcherSD/ros2_ws/install/turtlebot3_simulations', 'merge_install': False, 'path': '/home/arcs/WatcherSD/ros2_ws/src/turtlebot3_simulations/turtlebot3_simulations', 'symlink_install': True, 'test_result_base': None}
[0.355s] INFO:colcon.colcon_core.executor:Executing jobs using 'parallel' executor
[0.356s] DEBUG:colcon.colcon_parallel_executor.executor.parallel:run_until_complete
[0.356s] INFO:colcon.colcon_ros.task.ament_cmake.build:Building ROS package in '/home/arcs/WatcherSD/ros2_ws/src/turtlebot3_simulations/turtlebot3_fake_node' with build type 'ament_cmake'
[0.357s] INFO:colcon.colcon_cmake.task.cmake.build:Building CMake package in '/home/arcs/WatcherSD/ros2_ws/src/turtlebot3_simulations/turtlebot3_fake_node'
[0.358s] INFO:colcon.colcon_core.plugin_system:Skipping extension 'colcon_core.shell.bat': Not used on non-Windows systems
[0.358s] INFO:colcon.colcon_core.shell:Skip shell extension 'powershell' for command environment: Not usable outside of PowerShell
[0.358s] DEBUG:colcon.colcon_core.shell:Skip shell extension 'dsv' for command environment
[0.360s] INFO:colcon.colcon_ros.task.ament_cmake.build:Building ROS package in '/home/arcs/WatcherSD/ros2_ws/src/turtlebot3_simulations/turtlebot3_gazebo' with build type 'ament_cmake'
[0.360s] INFO:colcon.colcon_cmake.task.cmake.build:Building CMake package in '/home/arcs/WatcherSD/ros2_ws/src/turtlebot3_simulations/turtlebot3_gazebo'
[0.361s] INFO:colcon.colcon_core.shell:Skip shell extension 'powershell' for command environment: Not usable outside of PowerShell
[0.361s] DEBUG:colcon.colcon_core.shell:Skip shell extension 'dsv' for command environment
[0.363s] INFO:colcon.colcon_ros.task.ament_cmake.build:Building ROS package in '/home/arcs/WatcherSD/ros2_ws/src/robot_sim' with build type 'ament_cmake'
[0.363s] INFO:colcon.colcon_cmake.task.cmake.build:Building CMake package in '/home/arcs/WatcherSD/ros2_ws/src/robot_sim'
[0.363s] INFO:colcon.colcon_core.shell:Skip shell extension 'powershell' for command environment: Not usable outside of PowerShell
[0.363s] DEBUG:colcon.colcon_core.shell:Skip shell extension 'dsv' for command environment
[0.368s] DEBUG:colcon.colcon_core.event_handler.log_command:Invoking command in '/home/arcs/WatcherSD/ros2_ws/build/turtlebot3_fake_node': CMAKE_PREFIX_PATH=/opt/ros/humble /usr/bin/cmake --build /home/arcs/WatcherSD/ros2_ws/build/turtlebot3_fake_node -- -j12 -l12
[0.371s] DEBUG:colcon.colcon_core.event_handler.log_command:Invoking command in '/home/arcs/WatcherSD/ros2_ws/build/turtlebot3_gazebo': CMAKE_PREFIX_PATH=/opt/ros/humble /usr/bin/cmake --build /home/arcs/WatcherSD/ros2_ws/build/turtlebot3_gazebo -- -j12 -l12
[0.373s] DEBUG:colcon.colcon_core.event_handler.log_command:Invoking command in '/home/arcs/WatcherSD/ros2_ws/build/robot_sim': CMAKE_PREFIX_PATH=/opt/ros/humble /usr/bin/cmake --build /home/arcs/WatcherSD/ros2_ws/build/robot_sim -- -j12 -l12
[0.397s] DEBUG:colcon.colcon_core.event_handler.log_command:Invoked command in '/home/arcs/WatcherSD/ros2_ws/build/robot_sim' returned '0': CMAKE_PREFIX_PATH=/opt/ros/humble /usr/bin/cmake --build /home/arcs/WatcherSD/ros2_ws/build/robot_sim -- -j12 -l12
[0.405s] DEBUG:colcon.colcon_core.event_handler.log_command:Invoking command in '/home/arcs/WatcherSD/ros2_ws/build/robot_sim': CMAKE_PREFIX_PATH=/opt/ros/humble /usr/bin/cmake --install /home/arcs/WatcherSD/ros2_ws/build/robot_sim
[0.416s] DEBUG:colcon.colcon_core.event_handler.log_command:Invoked command in '/home/arcs/WatcherSD/ros2_ws/build/turtlebot3_fake_node' returned '0': CMAKE_PREFIX_PATH=/opt/ros/humble /usr/bin/cmake --build /home/arcs/WatcherSD/ros2_ws/build/turtlebot3_fake_node -- -j12 -l12
[0.417s] DEBUG:colcon.colcon_core.event_handler.log_command:Invoking command in '/home/arcs/WatcherSD/ros2_ws/build/turtlebot3_fake_node': CMAKE_PREFIX_PATH=/opt/ros/humble /usr/bin/cmake --install /home/arcs/WatcherSD/ros2_ws/build/turtlebot3_fake_node
[0.419s] Level 1:colcon.colcon_core.environment:create_environment_scripts_only(robot_sim)
[0.420s] DEBUG:colcon.colcon_core.event_handler.log_command:Invoked command in '/home/arcs/WatcherSD/ros2_ws/build/robot_sim' returned '0': CMAKE_PREFIX_PATH=/opt/ros/humble /usr/bin/cmake --install /home/arcs/WatcherSD/ros2_ws/build/robot_sim
[0.422s] Level 1:colcon.colcon_core.environment:checking '/home/arcs/WatcherSD/ros2_ws/install/robot_sim' for CMake module files
[0.423s] Level 1:colcon.colcon_core.environment:checking '/home/arcs/WatcherSD/ros2_ws/install/robot_sim' for CMake config files
[0.423s] Level 1:colcon.colcon_core.shell:create_environment_hook('robot_sim', 'cmake_prefix_path')
[0.424s] INFO:colcon.colcon_core.shell:Creating environment hook '/home/arcs/WatcherSD/ros2_ws/install/robot_sim/share/robot_sim/hook/cmake_prefix_path.ps1'
[0.425s] INFO:colcon.colcon_core.shell:Creating environment descriptor '/home/arcs/WatcherSD/ros2_ws/install/robot_sim/share/robot_sim/hook/cmake_prefix_path.dsv'
[0.425s] INFO:colcon.colcon_core.shell:Creating environment hook '/home/arcs/WatcherSD/ros2_ws/install/robot_sim/share/robot_sim/hook/cmake_prefix_path.sh'
[0.426s] Level 1:colcon.colcon_core.environment:checking '/home/arcs/WatcherSD/ros2_ws/install/robot_sim/bin'
[0.426s] Level 1:colcon.colcon_core.environment:checking '/home/arcs/WatcherSD/ros2_ws/install/robot_sim/lib/pkgconfig/robot_sim.pc'
[0.426s] Level 1:colcon.colcon_core.environment:checking '/home/arcs/WatcherSD/ros2_ws/install/robot_sim/lib/python3.10/site-packages'
[0.426s] Level 1:colcon.colcon_core.environment:checking '/home/arcs/WatcherSD/ros2_ws/install/robot_sim/bin'
[0.427s] INFO:colcon.colcon_core.shell:Creating package script '/home/arcs/WatcherSD/ros2_ws/install/robot_sim/share/robot_sim/package.ps1'
[0.427s] INFO:colcon.colcon_core.shell:Creating package descriptor '/home/arcs/WatcherSD/ros2_ws/install/robot_sim/share/robot_sim/package.dsv'
[0.428s] INFO:colcon.colcon_core.shell:Creating package script '/home/arcs/WatcherSD/ros2_ws/install/robot_sim/share/robot_sim/package.sh'
[0.428s] INFO:colcon.colcon_core.shell:Creating package script '/home/arcs/WatcherSD/ros2_ws/install/robot_sim/share/robot_sim/package.bash'
[0.429s] INFO:colcon.colcon_core.shell:Creating package script '/home/arcs/WatcherSD/ros2_ws/install/robot_sim/share/robot_sim/package.zsh'
[0.429s] Level 1:colcon.colcon_core.environment:create_file_with_runtime_dependencies(/home/arcs/WatcherSD/ros2_ws/install/robot_sim/share/colcon-core/packages/robot_sim)
[0.430s] Level 1:colcon.colcon_core.environment:create_environment_scripts_only(robot_sim)
[0.430s] Level 1:colcon.colcon_core.environment:checking '/home/arcs/WatcherSD/ros2_ws/install/robot_sim' for CMake module files
[0.430s] Level 1:colcon.colcon_core.environment:checking '/home/arcs/WatcherSD/ros2_ws/install/robot_sim' for CMake config files
[0.430s] Level 1:colcon.colcon_core.shell:create_environment_hook('robot_sim', 'cmake_prefix_path')
[0.430s] INFO:colcon.colcon_core.shell:Creating environment hook '/home/arcs/WatcherSD/ros2_ws/install/robot_sim/share/robot_sim/hook/cmake_prefix_path.ps1'
[0.431s] INFO:colcon.colcon_core.shell:Creating environment descriptor '/home/arcs/WatcherSD/ros2_ws/install/robot_sim/share/robot_sim/hook/cmake_prefix_path.dsv'
[0.431s] INFO:colcon.colcon_core.shell:Creating environment hook '/home/arcs/WatcherSD/ros2_ws/install/robot_sim/share/robot_sim/hook/cmake_prefix_path.sh'
[0.432s] Level 1:colcon.colcon_core.environment:checking '/home/arcs/WatcherSD/ros2_ws/install/robot_sim/bin'
[0.432s] Level 1:colcon.colcon_core.environment:checking '/home/arcs/WatcherSD/ros2_ws/install/robot_sim/lib/pkgconfig/robot_sim.pc'
[0.432s] Level 1:colcon.colcon_core.environment:checking '/home/arcs/WatcherSD/ros2_ws/install/robot_sim/lib/python3.10/site-packages'
[0.432s] Level 1:colcon.colcon_core.environment:checking '/home/arcs/WatcherSD/ros2_ws/install/robot_sim/bin'
[0.433s] INFO:colcon.colcon_core.shell:Creating package script '/home/arcs/WatcherSD/ros2_ws/install/robot_sim/share/robot_sim/package.ps1'
[0.433s] INFO:colcon.colcon_core.shell:Creating package descriptor '/home/arcs/WatcherSD/ros2_ws/install/robot_sim/share/robot_sim/package.dsv'
[0.433s] INFO:colcon.colcon_core.shell:Creating package script '/home/arcs/WatcherSD/ros2_ws/install/robot_sim/share/robot_sim/package.sh'
[0.434s] INFO:colcon.colcon_core.shell:Creating package script '/home/arcs/WatcherSD/ros2_ws/install/robot_sim/share/robot_sim/package.bash'
[0.434s] INFO:colcon.colcon_core.shell:Creating package script '/home/arcs/WatcherSD/ros2_ws/install/robot_sim/share/robot_sim/package.zsh'
[0.434s] Level 1:colcon.colcon_core.environment:create_file_with_runtime_dependencies(/home/arcs/WatcherSD/ros2_ws/install/robot_sim/share/colcon-core/packages/robot_sim)
[0.575s] Level 1:colcon.colcon_core.environment:create_environment_scripts_only(turtlebot3_fake_node)
[0.576s] Level 1:colcon.colcon_core.environment:checking '/home/arcs/WatcherSD/ros2_ws/install/turtlebot3_fake_node' for CMake module files
[0.576s] DEBUG:colcon.colcon_core.event_handler.log_command:Invoked command in '/home/arcs/WatcherSD/ros2_ws/build/turtlebot3_fake_node' returned '0': CMAKE_PREFIX_PATH=/opt/ros/humble /usr/bin/cmake --install /home/arcs/WatcherSD/ros2_ws/build/turtlebot3_fake_node
[0.577s] Level 1:colcon.colcon_core.environment:checking '/home/arcs/WatcherSD/ros2_ws/install/turtlebot3_fake_node' for CMake config files
[0.577s] Level 1:colcon.colcon_core.shell:create_environment_hook('turtlebot3_fake_node', 'cmake_prefix_path')
[0.577s] INFO:colcon.colcon_core.shell:Creating environment hook '/home/arcs/WatcherSD/ros2_ws/install/turtlebot3_fake_node/share/turtlebot3_fake_node/hook/cmake_prefix_path.ps1'
[0.578s] INFO:colcon.colcon_core.shell:Creating environment descriptor '/home/arcs/WatcherSD/ros2_ws/install/turtlebot3_fake_node/share/turtlebot3_fake_node/hook/cmake_prefix_path.dsv'
[0.578s] INFO:colcon.colcon_core.shell:Creating environment hook '/home/arcs/WatcherSD/ros2_ws/install/turtlebot3_fake_node/share/turtlebot3_fake_node/hook/cmake_prefix_path.sh'
[0.578s] Level 1:colcon.colcon_core.environment:checking '/home/arcs/WatcherSD/ros2_ws/install/turtlebot3_fake_node/lib'
[0.578s] Level 1:colcon.colcon_core.environment:checking '/home/arcs/WatcherSD/ros2_ws/install/turtlebot3_fake_node/bin'
[0.579s] Level 1:colcon.colcon_core.environment:checking '/home/arcs/WatcherSD/ros2_ws/install/turtlebot3_fake_node/lib/pkgconfig/turtlebot3_fake_node.pc'
[0.579s] Level 1:colcon.colcon_core.environment:checking '/home/arcs/WatcherSD/ros2_ws/install/turtlebot3_fake_node/lib/python3.10/site-packages'
[0.579s] Level 1:colcon.colcon_core.environment:checking '/home/arcs/WatcherSD/ros2_ws/install/turtlebot3_fake_node/bin'
[0.579s] INFO:colcon.colcon_core.shell:Creating package script '/home/arcs/WatcherSD/ros2_ws/install/turtlebot3_fake_node/share/turtlebot3_fake_node/package.ps1'
[0.579s] INFO:colcon.colcon_core.shell:Creating package descriptor '/home/arcs/WatcherSD/ros2_ws/install/turtlebot3_fake_node/share/turtlebot3_fake_node/package.dsv'
[0.580s] INFO:colcon.colcon_core.shell:Creating package script '/home/arcs/WatcherSD/ros2_ws/install/turtlebot3_fake_node/share/turtlebot3_fake_node/package.sh'
[0.580s] INFO:colcon.colcon_core.shell:Creating package script '/home/arcs/WatcherSD/ros2_ws/install/turtlebot3_fake_node/share/turtlebot3_fake_node/package.bash'
[0.580s] INFO:colcon.colcon_core.shell:Creating package script '/home/arcs/WatcherSD/ros2_ws/install/turtlebot3_fake_node/share/turtlebot3_fake_node/package.zsh'
[0.580s] Level 1:colcon.colcon_core.environment:create_file_with_runtime_dependencies(/home/arcs/WatcherSD/ros2_ws/install/turtlebot3_fake_node/share/colcon-core/packages/turtlebot3_fake_node)
[0.581s] Level 1:colcon.colcon_core.environment:create_environment_scripts_only(turtlebot3_fake_node)
[0.581s] Level 1:colcon.colcon_core.environment:checking '/home/arcs/WatcherSD/ros2_ws/install/turtlebot3_fake_node' for CMake module files
[0.581s] Level 1:colcon.colcon_core.environment:checking '/home/arcs/WatcherSD/ros2_ws/install/turtlebot3_fake_node' for CMake config files
[0.582s] Level 1:colcon.colcon_core.shell:create_environment_hook('turtlebot3_fake_node', 'cmake_prefix_path')
[0.582s] INFO:colcon.colcon_core.shell:Creating environment hook '/home/arcs/WatcherSD/ros2_ws/install/turtlebot3_fake_node/share/turtlebot3_fake_node/hook/cmake_prefix_path.ps1'
[0.582s] INFO:colcon.colcon_core.shell:Creating environment descriptor '/home/arcs/WatcherSD/ros2_ws/install/turtlebot3_fake_node/share/turtlebot3_fake_node/hook/cmake_prefix_path.dsv'
[0.582s] INFO:colcon.colcon_core.shell:Creating environment hook '/home/arcs/WatcherSD/ros2_ws/install/turtlebot3_fake_node/share/turtlebot3_fake_node/hook/cmake_prefix_path.sh'
[0.583s] Level 1:colcon.colcon_core.environment:checking '/home/arcs/WatcherSD/ros2_ws/install/turtlebot3_fake_node/lib'
[0.583s] Level 1:colcon.colcon_core.environment:checking '/home/arcs/WatcherSD/ros2_ws/install/turtlebot3_fake_node/bin'
[0.583s] Level 1:colcon.colcon_core.environment:checking '/home/arcs/WatcherSD/ros2_ws/install/turtlebot3_fake_node/lib/pkgconfig/turtlebot3_fake_node.pc'
[0.583s] Level 1:colcon.colcon_core.environment:checking '/home/arcs/WatcherSD/ros2_ws/install/turtlebot3_fake_node/lib/python3.10/site-packages'
[0.583s] Level 1:colcon.colcon_core.environment:checking '/home/arcs/WatcherSD/ros2_ws/install/turtlebot3_fake_node/bin'
[0.583s] INFO:colcon.colcon_core.shell:Creating package script '/home/arcs/WatcherSD/ros2_ws/install/turtlebot3_fake_node/share/turtlebot3_fake_node/package.ps1'
[0.584s] INFO:colcon.colcon_core.shell:Creating package descriptor '/home/arcs/WatcherSD/ros2_ws/install/turtlebot3_fake_node/share/turtlebot3_fake_node/package.dsv'
[0.584s] INFO:colcon.colcon_core.shell:Creating package script '/home/arcs/WatcherSD/ros2_ws/install/turtlebot3_fake_node/share/turtlebot3_fake_node/package.sh'
[0.584s] INFO:colcon.colcon_core.shell:Creating package script '/home/arcs/WatcherSD/ros2_ws/install/turtlebot3_fake_node/share/turtlebot3_fake_node/package.bash'
[0.585s] INFO:colcon.colcon_core.shell:Creating package script '/home/arcs/WatcherSD/ros2_ws/install/turtlebot3_fake_node/share/turtlebot3_fake_node/package.zsh'
[0.585s] Level 1:colcon.colcon_core.environment:create_file_with_runtime_dependencies(/home/arcs/WatcherSD/ros2_ws/install/turtlebot3_fake_node/share/colcon-core/packages/turtlebot3_fake_node)
[9.593s] DEBUG:colcon.colcon_core.event_handler.log_command:Invoked command in '/home/arcs/WatcherSD/ros2_ws/build/turtlebot3_gazebo' returned '0': CMAKE_PREFIX_PATH=/opt/ros/humble /usr/bin/cmake --build /home/arcs/WatcherSD/ros2_ws/build/turtlebot3_gazebo -- -j12 -l12
[9.594s] DEBUG:colcon.colcon_core.event_handler.log_command:Invoking command in '/home/arcs/WatcherSD/ros2_ws/build/turtlebot3_gazebo': CMAKE_PREFIX_PATH=/opt/ros/humble /usr/bin/cmake --install /home/arcs/WatcherSD/ros2_ws/build/turtlebot3_gazebo
[10.006s] Level 1:colcon.colcon_core.environment:create_environment_scripts_only(turtlebot3_gazebo)
[10.007s] Level 1:colcon.colcon_core.environment:checking '/home/arcs/WatcherSD/ros2_ws/install/turtlebot3_gazebo' for CMake module files
[10.007s] DEBUG:colcon.colcon_core.event_handler.log_command:Invoked command in '/home/arcs/WatcherSD/ros2_ws/build/turtlebot3_gazebo' returned '0': CMAKE_PREFIX_PATH=/opt/ros/humble /usr/bin/cmake --install /home/arcs/WatcherSD/ros2_ws/build/turtlebot3_gazebo
[10.007s] Level 1:colcon.colcon_core.environment:checking '/home/arcs/WatcherSD/ros2_ws/install/turtlebot3_gazebo' for CMake config files
[10.008s] Level 1:colcon.colcon_core.shell:create_environment_hook('turtlebot3_gazebo', 'cmake_prefix_path')
[10.008s] INFO:colcon.colcon_core.shell:Creating environment hook '/home/arcs/WatcherSD/ros2_ws/install/turtlebot3_gazebo/share/turtlebot3_gazebo/hook/cmake_prefix_path.ps1'
[10.008s] INFO:colcon.colcon_core.shell:Creating environment descriptor '/home/arcs/WatcherSD/ros2_ws/install/turtlebot3_gazebo/share/turtlebot3_gazebo/hook/cmake_prefix_path.dsv'
[10.009s] INFO:colcon.colcon_core.shell:Creating environment hook '/home/arcs/WatcherSD/ros2_ws/install/turtlebot3_gazebo/share/turtlebot3_gazebo/hook/cmake_prefix_path.sh'
[10.009s] Level 1:colcon.colcon_core.environment:checking '/home/arcs/WatcherSD/ros2_ws/install/turtlebot3_gazebo/lib'
[10.009s] Level 1:colcon.colcon_core.environment:checking '/home/arcs/WatcherSD/ros2_ws/install/turtlebot3_gazebo/bin'
[10.009s] Level 1:colcon.colcon_core.environment:checking '/home/arcs/WatcherSD/ros2_ws/install/turtlebot3_gazebo/lib/pkgconfig/turtlebot3_gazebo.pc'
[10.009s] Level 1:colcon.colcon_core.environment:checking '/home/arcs/WatcherSD/ros2_ws/install/turtlebot3_gazebo/lib/python3.10/site-packages'
[10.009s] Level 1:colcon.colcon_core.environment:checking '/home/arcs/WatcherSD/ros2_ws/install/turtlebot3_gazebo/bin'
[10.010s] INFO:colcon.colcon_core.shell:Creating package script '/home/arcs/WatcherSD/ros2_ws/install/turtlebot3_gazebo/share/turtlebot3_gazebo/package.ps1'
[10.010s] INFO:colcon.colcon_core.shell:Creating package descriptor '/home/arcs/WatcherSD/ros2_ws/install/turtlebot3_gazebo/share/turtlebot3_gazebo/package.dsv'
[10.010s] INFO:colcon.colcon_core.shell:Creating package script '/home/arcs/WatcherSD/ros2_ws/install/turtlebot3_gazebo/share/turtlebot3_gazebo/package.sh'
[10.011s] INFO:colcon.colcon_core.shell:Creating package script '/home/arcs/WatcherSD/ros2_ws/install/turtlebot3_gazebo/share/turtlebot3_gazebo/package.bash'
[10.011s] INFO:colcon.colcon_core.shell:Creating package script '/home/arcs/WatcherSD/ros2_ws/install/turtlebot3_gazebo/share/turtlebot3_gazebo/package.zsh'
[10.011s] Level 1:colcon.colcon_core.environment:create_file_with_runtime_dependencies(/home/arcs/WatcherSD/ros2_ws/install/turtlebot3_gazebo/share/colcon-core/packages/turtlebot3_gazebo)
[10.011s] Level 1:colcon.colcon_core.environment:create_environment_scripts_only(turtlebot3_gazebo)
[10.012s] Level 1:colcon.colcon_core.environment:checking '/home/arcs/WatcherSD/ros2_ws/install/turtlebot3_gazebo' for CMake module files
[10.012s] Level 1:colcon.colcon_core.environment:checking '/home/arcs/WatcherSD/ros2_ws/install/turtlebot3_gazebo' for CMake config files
[10.012s] Level 1:colcon.colcon_core.shell:create_environment_hook('turtlebot3_gazebo', 'cmake_prefix_path')
[10.012s] INFO:colcon.colcon_core.shell:Creating environment hook '/home/arcs/WatcherSD/ros2_ws/install/turtlebot3_gazebo/share/turtlebot3_gazebo/hook/cmake_prefix_path.ps1'
[10.013s] INFO:colcon.colcon_core.shell:Creating environment descriptor '/home/arcs/WatcherSD/ros2_ws/install/turtlebot3_gazebo/share/turtlebot3_gazebo/hook/cmake_prefix_path.dsv'
[10.013s] INFO:colcon.colcon_core.shell:Creating environment hook '/home/arcs/WatcherSD/ros2_ws/install/turtlebot3_gazebo/share/turtlebot3_gazebo/hook/cmake_prefix_path.sh'
[10.013s] Level 1:colcon.colcon_core.environment:checking '/home/arcs/WatcherSD/ros2_ws/install/turtlebot3_gazebo/lib'
[10.013s] Level 1:colcon.colcon_core.environment:checking '/home/arcs/WatcherSD/ros2_ws/install/turtlebot3_gazebo/bin'
[10.013s] Level 1:colcon.colcon_core.environment:checking '/home/arcs/WatcherSD/ros2_ws/install/turtlebot3_gazebo/lib/pkgconfig/turtlebot3_gazebo.pc'
[10.013s] Level 1:colcon.colcon_core.environment:checking '/home/arcs/WatcherSD/ros2_ws/install/turtlebot3_gazebo/lib/python3.10/site-packages'
[10.014s] Level 1:colcon.colcon_core.environment:checking '/home/arcs/WatcherSD/ros2_ws/install/turtlebot3_gazebo/bin'
[10.014s] INFO:colcon.colcon_core.shell:Creating package script '/home/arcs/WatcherSD/ros2_ws/install/turtlebot3_gazebo/share/turtlebot3_gazebo/package.ps1'
[10.014s] INFO:colcon.colcon_core.shell:Creating package descriptor '/home/arcs/WatcherSD/ros2_ws/install/turtlebot3_gazebo/share/turtlebot3_gazebo/package.dsv'
[10.015s] INFO:colcon.colcon_core.shell:Creating package script '/home/arcs/WatcherSD/ros2_ws/install/turtlebot3_gazebo/share/turtlebot3_gazebo/package.sh'
[10.015s] INFO:colcon.colcon_core.shell:Creating package script '/home/arcs/WatcherSD/ros2_ws/install/turtlebot3_gazebo/share/turtlebot3_gazebo/package.bash'
[10.015s] INFO:colcon.colcon_core.shell:Creating package script '/home/arcs/WatcherSD/ros2_ws/install/turtlebot3_gazebo/share/turtlebot3_gazebo/package.zsh'
[10.015s] Level 1:colcon.colcon_core.environment:create_file_with_runtime_dependencies(/home/arcs/WatcherSD/ros2_ws/install/turtlebot3_gazebo/share/colcon-core/packages/turtlebot3_gazebo)
[10.016s] INFO:colcon.colcon_ros.task.ament_cmake.build:Building ROS package in '/home/arcs/WatcherSD/ros2_ws/src/turtlebot3_simulations/turtlebot3_simulations' with build type 'ament_cmake'
[10.016s] INFO:colcon.colcon_cmake.task.cmake.build:Building CMake package in '/home/arcs/WatcherSD/ros2_ws/src/turtlebot3_simulations/turtlebot3_simulations'
[10.016s] INFO:colcon.colcon_core.shell:Skip shell extension 'powershell' for command environment: Not usable outside of PowerShell
[10.016s] DEBUG:colcon.colcon_core.shell:Skip shell extension 'dsv' for command environment
[10.022s] DEBUG:colcon.colcon_core.event_handler.log_command:Invoking command in '/home/arcs/WatcherSD/ros2_ws/build/turtlebot3_simulations': AMENT_PREFIX_PATH=/home/arcs/WatcherSD/ros2_ws/install/turtlebot3_gazebo:/home/arcs/WatcherSD/ros2_ws/install/turtlebot3_fake_node:${AMENT_PREFIX_PATH} CMAKE_PREFIX_PATH=/home/arcs/WatcherSD/ros2_ws/install/turtlebot3_gazebo:/home/arcs/WatcherSD/ros2_ws/install/turtlebot3_fake_node:/opt/ros/humble /usr/bin/cmake /home/arcs/WatcherSD/ros2_ws/src/turtlebot3_simulations/turtlebot3_simulations -DAMENT_CMAKE_SYMLINK_INSTALL=1 -DCMAKE_INSTALL_PREFIX=/home/arcs/WatcherSD/ros2_ws/install/turtlebot3_simulations
[10.439s] DEBUG:colcon.colcon_core.event_handler.log_command:Invoked command in '/home/arcs/WatcherSD/ros2_ws/build/turtlebot3_simulations' returned '0': AMENT_PREFIX_PATH=/home/arcs/WatcherSD/ros2_ws/install/turtlebot3_gazebo:/home/arcs/WatcherSD/ros2_ws/install/turtlebot3_fake_node:${AMENT_PREFIX_PATH} CMAKE_PREFIX_PATH=/home/arcs/WatcherSD/ros2_ws/install/turtlebot3_gazebo:/home/arcs/WatcherSD/ros2_ws/install/turtlebot3_fake_node:/opt/ros/humble /usr/bin/cmake /home/arcs/WatcherSD/ros2_ws/src/turtlebot3_simulations/turtlebot3_simulations -DAMENT_CMAKE_SYMLINK_INSTALL=1 -DCMAKE_INSTALL_PREFIX=/home/arcs/WatcherSD/ros2_ws/install/turtlebot3_simulations
[10.440s] DEBUG:colcon.colcon_core.event_handler.log_command:Invoking command in '/home/arcs/WatcherSD/ros2_ws/build/turtlebot3_simulations': AMENT_PREFIX_PATH=/home/arcs/WatcherSD/ros2_ws/install/turtlebot3_gazebo:/home/arcs/WatcherSD/ros2_ws/install/turtlebot3_fake_node:${AMENT_PREFIX_PATH} CMAKE_PREFIX_PATH=/home/arcs/WatcherSD/ros2_ws/install/turtlebot3_gazebo:/home/arcs/WatcherSD/ros2_ws/install/turtlebot3_fake_node:/opt/ros/humble /usr/bin/cmake --build /home/arcs/WatcherSD/ros2_ws/build/turtlebot3_simulations -- -j12 -l12
[10.463s] DEBUG:colcon.colcon_core.event_handler.log_command:Invoked command in '/home/arcs/WatcherSD/ros2_ws/build/turtlebot3_simulations' returned '0': AMENT_PREFIX_PATH=/home/arcs/WatcherSD/ros2_ws/install/turtlebot3_gazebo:/home/arcs/WatcherSD/ros2_ws/install/turtlebot3_fake_node:${AMENT_PREFIX_PATH} CMAKE_PREFIX_PATH=/home/arcs/WatcherSD/ros2_ws/install/turtlebot3_gazebo:/home/arcs/WatcherSD/ros2_ws/install/turtlebot3_fake_node:/opt/ros/humble /usr/bin/cmake --build /home/arcs/WatcherSD/ros2_ws/build/turtlebot3_simulations -- -j12 -l12
[10.464s] DEBUG:colcon.colcon_core.event_handler.log_command:Invoking command in '/home/arcs/WatcherSD/ros2_ws/build/turtlebot3_simulations': AMENT_PREFIX_PATH=/home/arcs/WatcherSD/ros2_ws/install/turtlebot3_gazebo:/home/arcs/WatcherSD/ros2_ws/install/turtlebot3_fake_node:${AMENT_PREFIX_PATH} CMAKE_PREFIX_PATH=/home/arcs/WatcherSD/ros2_ws/install/turtlebot3_gazebo:/home/arcs/WatcherSD/ros2_ws/install/turtlebot3_fake_node:/opt/ros/humble /usr/bin/cmake --install /home/arcs/WatcherSD/ros2_ws/build/turtlebot3_simulations
[10.549s] Level 1:colcon.colcon_core.environment:create_environment_scripts_only(turtlebot3_simulations)
[10.550s] Level 1:colcon.colcon_core.environment:checking '/home/arcs/WatcherSD/ros2_ws/install/turtlebot3_simulations' for CMake module files
[10.550s] DEBUG:colcon.colcon_core.event_handler.log_command:Invoked command in '/home/arcs/WatcherSD/ros2_ws/build/turtlebot3_simulations' returned '0': AMENT_PREFIX_PATH=/home/arcs/WatcherSD/ros2_ws/install/turtlebot3_gazebo:/home/arcs/WatcherSD/ros2_ws/install/turtlebot3_fake_node:${AMENT_PREFIX_PATH} CMAKE_PREFIX_PATH=/home/arcs/WatcherSD/ros2_ws/install/turtlebot3_gazebo:/home/arcs/WatcherSD/ros2_ws/install/turtlebot3_fake_node:/opt/ros/humble /usr/bin/cmake --install /home/arcs/WatcherSD/ros2_ws/build/turtlebot3_simulations
[10.550s] Level 1:colcon.colcon_core.environment:checking '/home/arcs/WatcherSD/ros2_ws/install/turtlebot3_simulations' for CMake config files
[10.551s] Level 1:colcon.colcon_core.shell:create_environment_hook('turtlebot3_simulations', 'cmake_prefix_path')
[10.551s] INFO:colcon.colcon_core.shell:Creating environment hook '/home/arcs/WatcherSD/ros2_ws/install/turtlebot3_simulations/share/turtlebot3_simulations/hook/cmake_prefix_path.ps1'
[10.551s] INFO:colcon.colcon_core.shell:Creating environment descriptor '/home/arcs/WatcherSD/ros2_ws/install/turtlebot3_simulations/share/turtlebot3_simulations/hook/cmake_prefix_path.dsv'
[10.551s] INFO:colcon.colcon_core.shell:Creating environment hook '/home/arcs/WatcherSD/ros2_ws/install/turtlebot3_simulations/share/turtlebot3_simulations/hook/cmake_prefix_path.sh'
[10.552s] Level 1:colcon.colcon_core.environment:checking '/home/arcs/WatcherSD/ros2_ws/install/turtlebot3_simulations/bin'
[10.552s] Level 1:colcon.colcon_core.environment:checking '/home/arcs/WatcherSD/ros2_ws/install/turtlebot3_simulations/lib/pkgconfig/turtlebot3_simulations.pc'
[10.552s] Level 1:colcon.colcon_core.environment:checking '/home/arcs/WatcherSD/ros2_ws/install/turtlebot3_simulations/lib/python3.10/site-packages'
[10.552s] Level 1:colcon.colcon_core.environment:checking '/home/arcs/WatcherSD/ros2_ws/install/turtlebot3_simulations/bin'
[10.552s] INFO:colcon.colcon_core.shell:Creating package script '/home/arcs/WatcherSD/ros2_ws/install/turtlebot3_simulations/share/turtlebot3_simulations/package.ps1'
[10.553s] INFO:colcon.colcon_core.shell:Creating package descriptor '/home/arcs/WatcherSD/ros2_ws/install/turtlebot3_simulations/share/turtlebot3_simulations/package.dsv'
[10.553s] INFO:colcon.colcon_core.shell:Creating package script '/home/arcs/WatcherSD/ros2_ws/install/turtlebot3_simulations/share/turtlebot3_simulations/package.sh'
[10.553s] INFO:colcon.colcon_core.shell:Creating package script '/home/arcs/WatcherSD/ros2_ws/install/turtlebot3_simulations/share/turtlebot3_simulations/package.bash'
[10.553s] INFO:colcon.colcon_core.shell:Creating package script '/home/arcs/WatcherSD/ros2_ws/install/turtlebot3_simulations/share/turtlebot3_simulations/package.zsh'
[10.554s] Level 1:colcon.colcon_core.environment:create_file_with_runtime_dependencies(/home/arcs/WatcherSD/ros2_ws/install/turtlebot3_simulations/share/colcon-core/packages/turtlebot3_simulations)
[10.554s] Level 1:colcon.colcon_core.environment:create_environment_scripts_only(turtlebot3_simulations)
[10.554s] Level 1:colcon.colcon_core.environment:checking '/home/arcs/WatcherSD/ros2_ws/install/turtlebot3_simulations' for CMake module files
[10.554s] Level 1:colcon.colcon_core.environment:checking '/home/arcs/WatcherSD/ros2_ws/install/turtlebot3_simulations' for CMake config files
[10.555s] Level 1:colcon.colcon_core.shell:create_environment_hook('turtlebot3_simulations', 'cmake_prefix_path')
[10.555s] INFO:colcon.colcon_core.shell:Creating environment hook '/home/arcs/WatcherSD/ros2_ws/install/turtlebot3_simulations/share/turtlebot3_simulations/hook/cmake_prefix_path.ps1'
[10.555s] INFO:colcon.colcon_core.shell:Creating environment descriptor '/home/arcs/WatcherSD/ros2_ws/install/turtlebot3_simulations/share/turtlebot3_simulations/hook/cmake_prefix_path.dsv'
[10.555s] INFO:colcon.colcon_core.shell:Creating environment hook '/home/arcs/WatcherSD/ros2_ws/install/turtlebot3_simulations/share/turtlebot3_simulations/hook/cmake_prefix_path.sh'
[10.556s] Level 1:colcon.colcon_core.environment:checking '/home/arcs/WatcherSD/ros2_ws/install/turtlebot3_simulations/bin'
[10.556s] Level 1:colcon.colcon_core.environment:checking '/home/arcs/WatcherSD/ros2_ws/install/turtlebot3_simulations/lib/pkgconfig/turtlebot3_simulations.pc'
[10.556s] Level 1:colcon.colcon_core.environment:checking '/home/arcs/WatcherSD/ros2_ws/install/turtlebot3_simulations/lib/python3.10/site-packages'
[10.556s] Level 1:colcon.colcon_core.environment:checking '/home/arcs/WatcherSD/ros2_ws/install/turtlebot3_simulations/bin'
[10.556s] INFO:colcon.colcon_core.shell:Creating package script '/home/arcs/WatcherSD/ros2_ws/install/turtlebot3_simulations/share/turtlebot3_simulations/package.ps1'
[10.557s] INFO:colcon.colcon_core.shell:Creating package descriptor '/home/arcs/WatcherSD/ros2_ws/install/turtlebot3_simulations/share/turtlebot3_simulations/package.dsv'
[10.557s] INFO:colcon.colcon_core.shell:Creating package script '/home/arcs/WatcherSD/ros2_ws/install/turtlebot3_simulations/share/turtlebot3_simulations/package.sh'
[10.557s] INFO:colcon.colcon_core.shell:Creating package script '/home/arcs/WatcherSD/ros2_ws/install/turtlebot3_simulations/share/turtlebot3_simulations/package.bash'
[10.558s] INFO:colcon.colcon_core.shell:Creating package script '/home/arcs/WatcherSD/ros2_ws/install/turtlebot3_simulations/share/turtlebot3_simulations/package.zsh'
[10.558s] Level 1:colcon.colcon_core.environment:create_file_with_runtime_dependencies(/home/arcs/WatcherSD/ros2_ws/install/turtlebot3_simulations/share/colcon-core/packages/turtlebot3_simulations)
[10.558s] DEBUG:colcon.colcon_parallel_executor.executor.parallel:closing loop
[10.558s] DEBUG:colcon.colcon_parallel_executor.executor.parallel:loop closed
[10.558s] DEBUG:colcon.colcon_parallel_executor.executor.parallel:run_until_complete finished with '0'
[10.558s] DEBUG:colcon.colcon_core.event_reactor:joining thread
[10.562s] INFO:colcon.colcon_core.plugin_system:Skipping extension 'colcon_notification.desktop_notification.terminal_notifier': Not used on non-Darwin systems
[10.562s] INFO:colcon.colcon_core.plugin_system:Skipping extension 'colcon_notification.desktop_notification.win32': Not used on non-Windows systems
[10.562s] INFO:colcon.colcon_notification.desktop_notification:Sending desktop notification using 'notify2'
[10.570s] DEBUG:colcon.colcon_core.event_reactor:joined thread
[10.571s] INFO:colcon.colcon_core.shell:Creating prefix script '/home/arcs/WatcherSD/ros2_ws/install/local_setup.ps1'
[10.571s] INFO:colcon.colcon_core.shell:Creating prefix util module '/home/arcs/WatcherSD/ros2_ws/install/_local_setup_util_ps1.py'
[10.573s] INFO:colcon.colcon_core.shell:Creating prefix chain script '/home/arcs/WatcherSD/ros2_ws/install/setup.ps1'
[10.573s] INFO:colcon.colcon_core.shell:Creating prefix script '/home/arcs/WatcherSD/ros2_ws/install/local_setup.sh'
[10.574s] INFO:colcon.colcon_core.shell:Creating prefix util module '/home/arcs/WatcherSD/ros2_ws/install/_local_setup_util_sh.py'
[10.574s] INFO:colcon.colcon_core.shell:Creating prefix chain script '/home/arcs/WatcherSD/ros2_ws/install/setup.sh'
[10.575s] INFO:colcon.colcon_core.shell:Creating prefix script '/home/arcs/WatcherSD/ros2_ws/install/local_setup.bash'
[10.576s] INFO:colcon.colcon_core.shell:Creating prefix chain script '/home/arcs/WatcherSD/ros2_ws/install/setup.bash'
[10.577s] INFO:colcon.colcon_core.shell:Creating prefix script '/home/arcs/WatcherSD/ros2_ws/install/local_setup.zsh'
[10.577s] INFO:colcon.colcon_core.shell:Creating prefix chain script '/home/arcs/WatcherSD/ros2_ws/install/setup.zsh'
