[0.005s] Invoking command in '/home/arcs/WatcherSD/ros2_ws/build/turtlebot3_simulations': AMENT_PREFIX_PATH=/home/arcs/WatcherSD/ros2_ws/install/turtlebot3_gazebo:/home/arcs/WatcherSD/ros2_ws/install/turtlebot3_fake_node:${AMENT_PREFIX_PATH} CMAKE_PREFIX_PATH=/home/arcs/WatcherSD/ros2_ws/install/turtlebot3_gazebo:/home/arcs/WatcherSD/ros2_ws/install/turtlebot3_fake_node:/opt/ros/humble /usr/bin/cmake /home/arcs/WatcherSD/ros2_ws/src/turtlebot3_simulations/turtlebot3_simulations -DAMENT_CMAKE_SYMLINK_INSTALL=1 -DCMAKE_INSTALL_PREFIX=/home/arcs/WatcherSD/ros2_ws/install/turtlebot3_simulations
[0.043s] -- The C compiler identification is GNU 11.4.0
[0.086s] -- The CXX compiler identification is GNU 11.4.0
[0.091s] -- Detecting C compiler ABI info
[0.135s] -- Detecting C compiler ABI info - done
[0.141s] -- Check for working C compiler: /usr/bin/cc - skipped
[0.141s] -- Detecting C compile features
[0.141s] -- Detecting C compile features - done
[0.143s] -- Detecting CXX compiler ABI info
[0.200s] -- Detecting CXX compiler ABI info - done
[0.206s] -- Check for working CXX compiler: /usr/bin/c++ - skipped
[0.207s] -- Detecting CXX compile features
[0.207s] -- Detecting CXX compile features - done
[0.209s] -- Found ament_cmake: 1.3.11 (/opt/ros/humble/share/ament_cmake/cmake)
[0.311s] -- Found Python3: /usr/bin/python3 (found version "3.10.12") found components: Interpreter 
[0.355s] -- Override CMake install command with custom implementation using symlinks instead of copying resources
[0.417s] -- Configuring done
[0.419s] -- Generating done
[0.420s] -- Build files have been written to: /home/arcs/WatcherSD/ros2_ws/build/turtlebot3_simulations
[0.422s] Invoked command in '/home/arcs/WatcherSD/ros2_ws/build/turtlebot3_simulations' returned '0': AMENT_PREFIX_PATH=/home/arcs/WatcherSD/ros2_ws/install/turtlebot3_gazebo:/home/arcs/WatcherSD/ros2_ws/install/turtlebot3_fake_node:${AMENT_PREFIX_PATH} CMAKE_PREFIX_PATH=/home/arcs/WatcherSD/ros2_ws/install/turtlebot3_gazebo:/home/arcs/WatcherSD/ros2_ws/install/turtlebot3_fake_node:/opt/ros/humble /usr/bin/cmake /home/arcs/WatcherSD/ros2_ws/src/turtlebot3_simulations/turtlebot3_simulations -DAMENT_CMAKE_SYMLINK_INSTALL=1 -DCMAKE_INSTALL_PREFIX=/home/arcs/WatcherSD/ros2_ws/install/turtlebot3_simulations
[0.423s] Invoking command in '/home/arcs/WatcherSD/ros2_ws/build/turtlebot3_simulations': AMENT_PREFIX_PATH=/home/arcs/WatcherSD/ros2_ws/install/turtlebot3_gazebo:/home/arcs/WatcherSD/ros2_ws/install/turtlebot3_fake_node:${AMENT_PREFIX_PATH} CMAKE_PREFIX_PATH=/home/arcs/WatcherSD/ros2_ws/install/turtlebot3_gazebo:/home/arcs/WatcherSD/ros2_ws/install/turtlebot3_fake_node:/opt/ros/humble /usr/bin/cmake --build /home/arcs/WatcherSD/ros2_ws/build/turtlebot3_simulations -- -j12 -l12
[0.446s] Invoked command in '/home/arcs/WatcherSD/ros2_ws/build/turtlebot3_simulations' returned '0': AMENT_PREFIX_PATH=/home/arcs/WatcherSD/ros2_ws/install/turtlebot3_gazebo:/home/arcs/WatcherSD/ros2_ws/install/turtlebot3_fake_node:${AMENT_PREFIX_PATH} CMAKE_PREFIX_PATH=/home/arcs/WatcherSD/ros2_ws/install/turtlebot3_gazebo:/home/arcs/WatcherSD/ros2_ws/install/turtlebot3_fake_node:/opt/ros/humble /usr/bin/cmake --build /home/arcs/WatcherSD/ros2_ws/build/turtlebot3_simulations -- -j12 -l12
[0.447s] Invoking command in '/home/arcs/WatcherSD/ros2_ws/build/turtlebot3_simulations': AMENT_PREFIX_PATH=/home/arcs/WatcherSD/ros2_ws/install/turtlebot3_gazebo:/home/arcs/WatcherSD/ros2_ws/install/turtlebot3_fake_node:${AMENT_PREFIX_PATH} CMAKE_PREFIX_PATH=/home/arcs/WatcherSD/ros2_ws/install/turtlebot3_gazebo:/home/arcs/WatcherSD/ros2_ws/install/turtlebot3_fake_node:/opt/ros/humble /usr/bin/cmake --install /home/arcs/WatcherSD/ros2_ws/build/turtlebot3_simulations
[0.452s] -- Install configuration: ""
[0.452s] -- Execute custom install script
[0.452s] -- Symlinking: /home/arcs/WatcherSD/ros2_ws/install/turtlebot3_simulations/share/ament_index/resource_index/package_run_dependencies/turtlebot3_simulations
[0.457s] -- Symlinking: /home/arcs/WatcherSD/ros2_ws/install/turtlebot3_simulations/share/ament_index/resource_index/parent_prefix_path/turtlebot3_simulations
[0.463s] -- Symlinking: /home/arcs/WatcherSD/ros2_ws/install/turtlebot3_simulations/share/turtlebot3_simulations/environment/ament_prefix_path.sh
[0.468s] -- Symlinking: /home/arcs/WatcherSD/ros2_ws/install/turtlebot3_simulations/share/turtlebot3_simulations/environment/ament_prefix_path.dsv
[0.473s] -- Symlinking: /home/arcs/WatcherSD/ros2_ws/install/turtlebot3_simulations/share/turtlebot3_simulations/environment/path.sh
[0.478s] -- Symlinking: /home/arcs/WatcherSD/ros2_ws/install/turtlebot3_simulations/share/turtlebot3_simulations/environment/path.dsv
[0.483s] -- Symlinking: /home/arcs/WatcherSD/ros2_ws/install/turtlebot3_simulations/share/turtlebot3_simulations/local_setup.bash
[0.488s] -- Symlinking: /home/arcs/WatcherSD/ros2_ws/install/turtlebot3_simulations/share/turtlebot3_simulations/local_setup.sh
[0.494s] -- Symlinking: /home/arcs/WatcherSD/ros2_ws/install/turtlebot3_simulations/share/turtlebot3_simulations/local_setup.zsh
[0.500s] -- Symlinking: /home/arcs/WatcherSD/ros2_ws/install/turtlebot3_simulations/share/turtlebot3_simulations/local_setup.dsv
[0.505s] -- Symlinking: /home/arcs/WatcherSD/ros2_ws/install/turtlebot3_simulations/share/turtlebot3_simulations/package.dsv
[0.511s] -- Symlinking: /home/arcs/WatcherSD/ros2_ws/install/turtlebot3_simulations/share/ament_index/resource_index/packages/turtlebot3_simulations
[0.516s] -- Symlinking: /home/arcs/WatcherSD/ros2_ws/install/turtlebot3_simulations/share/turtlebot3_simulations/cmake/turtlebot3_simulationsConfig.cmake
[0.521s] -- Symlinking: /home/arcs/WatcherSD/ros2_ws/install/turtlebot3_simulations/share/turtlebot3_simulations/cmake/turtlebot3_simulationsConfig-version.cmake
[0.526s] -- Symlinking: /home/arcs/WatcherSD/ros2_ws/install/turtlebot3_simulations/share/turtlebot3_simulations/package.xml
[0.533s] Invoked command in '/home/arcs/WatcherSD/ros2_ws/build/turtlebot3_simulations' returned '0': AMENT_PREFIX_PATH=/home/arcs/WatcherSD/ros2_ws/install/turtlebot3_gazebo:/home/arcs/WatcherSD/ros2_ws/install/turtlebot3_fake_node:${AMENT_PREFIX_PATH} CMAKE_PREFIX_PATH=/home/arcs/WatcherSD/ros2_ws/install/turtlebot3_gazebo:/home/arcs/WatcherSD/ros2_ws/install/turtlebot3_fake_node:/opt/ros/humble /usr/bin/cmake --install /home/arcs/WatcherSD/ros2_ws/build/turtlebot3_simulations
