-- Found ament_cmake: 1.3.11 (/opt/ros/humble/share/ament_cmake/cmake)
-- Override CMake install command with custom implementation using symlinks instead of copying resources
-- Found ament_lint_auto: 0.12.12 (/opt/ros/humble/share/ament_lint_auto/cmake)
-- Added test 'lint_cmake' to check CMake code style
-- Added test 'xmllint' to check XML markup files
-- Configuring done
-- Generating done
-- Build files have been written to: /home/arcs/WatcherSD/ros2_ws/build/robot_sim
-- Install configuration: ""
-- Execute custom install script
-- Symlinking: /home/arcs/WatcherSD/ros2_ws/install/robot_sim/share/ament_index/resource_index/package_run_dependencies/robot_sim
-- Symlinking: /home/arcs/WatcherSD/ros2_ws/install/robot_sim/share/ament_index/resource_index/parent_prefix_path/robot_sim
-- Symlinking: /home/arcs/WatcherSD/ros2_ws/install/robot_sim/share/robot_sim/environment/ament_prefix_path.sh
-- Symlinking: /home/arcs/WatcherSD/ros2_ws/install/robot_sim/share/robot_sim/environment/ament_prefix_path.dsv
-- Symlinking: /home/arcs/WatcherSD/ros2_ws/install/robot_sim/share/robot_sim/environment/path.sh
-- Symlinking: /home/arcs/WatcherSD/ros2_ws/install/robot_sim/share/robot_sim/environment/path.dsv
-- Symlinking: /home/arcs/WatcherSD/ros2_ws/install/robot_sim/share/robot_sim/local_setup.bash
-- Symlinking: /home/arcs/WatcherSD/ros2_ws/install/robot_sim/share/robot_sim/local_setup.sh
-- Symlinking: /home/arcs/WatcherSD/ros2_ws/install/robot_sim/share/robot_sim/local_setup.zsh
-- Symlinking: /home/arcs/WatcherSD/ros2_ws/install/robot_sim/share/robot_sim/local_setup.dsv
-- Symlinking: /home/arcs/WatcherSD/ros2_ws/install/robot_sim/share/robot_sim/package.dsv
-- Symlinking: /home/arcs/WatcherSD/ros2_ws/install/robot_sim/share/ament_index/resource_index/packages/robot_sim
-- Symlinking: /home/arcs/WatcherSD/ros2_ws/install/robot_sim/share/robot_sim/cmake/robot_simConfig.cmake
-- Symlinking: /home/arcs/WatcherSD/ros2_ws/install/robot_sim/share/robot_sim/cmake/robot_simConfig-version.cmake
-- Symlinking: /home/arcs/WatcherSD/ros2_ws/install/robot_sim/share/robot_sim/package.xml
