[0.011s] Invoking command in '/home/arcs/WatcherSD/ros2_ws/build/robot_sim': CMAKE_PREFIX_PATH=/opt/ros/humble /usr/bin/cmake /home/arcs/WatcherSD/ros2_ws/src/robot_sim -DAMENT_CMAKE_SYMLINK_INSTALL=1 -DCMAKE_INSTALL_PREFIX=/home/arcs/WatcherSD/ros2_ws/install/robot_sim
[0.019s] -- Found ament_cmake: 1.3.11 (/opt/ros/humble/share/ament_cmake/cmake)
[0.114s] -- Override CMake install command with custom implementation using symlinks instead of copying resources
[0.119s] -- Found ament_lint_auto: 0.12.12 (/opt/ros/humble/share/ament_lint_auto/cmake)
[0.172s] -- Added test 'lint_cmake' to check CMake code style
[0.173s] -- Added test 'xmllint' to check XML markup files
[0.174s] -- Configuring done
[0.175s] -- Generating done
[0.177s] -- Build files have been written to: /home/arcs/WatcherSD/ros2_ws/build/robot_sim
[0.179s] Invoked command in '/home/arcs/WatcherSD/ros2_ws/build/robot_sim' returned '0': CMAKE_PREFIX_PATH=/opt/ros/humble /usr/bin/cmake /home/arcs/WatcherSD/ros2_ws/src/robot_sim -DAMENT_CMAKE_SYMLINK_INSTALL=1 -DCMAKE_INSTALL_PREFIX=/home/arcs/WatcherSD/ros2_ws/install/robot_sim
[0.181s] Invoking command in '/home/arcs/WatcherSD/ros2_ws/build/robot_sim': CMAKE_PREFIX_PATH=/opt/ros/humble /usr/bin/cmake --build /home/arcs/WatcherSD/ros2_ws/build/robot_sim -- -j12 -l12
[0.206s] Invoked command in '/home/arcs/WatcherSD/ros2_ws/build/robot_sim' returned '0': CMAKE_PREFIX_PATH=/opt/ros/humble /usr/bin/cmake --build /home/arcs/WatcherSD/ros2_ws/build/robot_sim -- -j12 -l12
[0.213s] Invoking command in '/home/arcs/WatcherSD/ros2_ws/build/robot_sim': CMAKE_PREFIX_PATH=/opt/ros/humble /usr/bin/cmake --install /home/arcs/WatcherSD/ros2_ws/build/robot_sim
[0.218s] -- Install configuration: ""
[0.219s] -- Execute custom install script
[0.219s] -- Symlinking: /home/arcs/WatcherSD/ros2_ws/install/robot_sim/share/ament_index/resource_index/package_run_dependencies/robot_sim
[0.225s] -- Symlinking: /home/arcs/WatcherSD/ros2_ws/install/robot_sim/share/ament_index/resource_index/parent_prefix_path/robot_sim
[0.231s] -- Symlinking: /home/arcs/WatcherSD/ros2_ws/install/robot_sim/share/robot_sim/environment/ament_prefix_path.sh
[0.237s] -- Symlinking: /home/arcs/WatcherSD/ros2_ws/install/robot_sim/share/robot_sim/environment/ament_prefix_path.dsv
[0.243s] -- Symlinking: /home/arcs/WatcherSD/ros2_ws/install/robot_sim/share/robot_sim/environment/path.sh
[0.249s] -- Symlinking: /home/arcs/WatcherSD/ros2_ws/install/robot_sim/share/robot_sim/environment/path.dsv
[0.256s] -- Symlinking: /home/arcs/WatcherSD/ros2_ws/install/robot_sim/share/robot_sim/local_setup.bash
[0.262s] -- Symlinking: /home/arcs/WatcherSD/ros2_ws/install/robot_sim/share/robot_sim/local_setup.sh
[0.269s] -- Symlinking: /home/arcs/WatcherSD/ros2_ws/install/robot_sim/share/robot_sim/local_setup.zsh
[0.275s] -- Symlinking: /home/arcs/WatcherSD/ros2_ws/install/robot_sim/share/robot_sim/local_setup.dsv
[0.281s] -- Symlinking: /home/arcs/WatcherSD/ros2_ws/install/robot_sim/share/robot_sim/package.dsv
[0.287s] -- Symlinking: /home/arcs/WatcherSD/ros2_ws/install/robot_sim/share/ament_index/resource_index/packages/robot_sim
[0.294s] -- Symlinking: /home/arcs/WatcherSD/ros2_ws/install/robot_sim/share/robot_sim/cmake/robot_simConfig.cmake
[0.300s] -- Symlinking: /home/arcs/WatcherSD/ros2_ws/install/robot_sim/share/robot_sim/cmake/robot_simConfig-version.cmake
[0.306s] -- Symlinking: /home/arcs/WatcherSD/ros2_ws/install/robot_sim/share/robot_sim/package.xml
[0.314s] Invoked command in '/home/arcs/WatcherSD/ros2_ws/build/robot_sim' returned '0': CMAKE_PREFIX_PATH=/opt/ros/humble /usr/bin/cmake --install /home/arcs/WatcherSD/ros2_ws/build/robot_sim
