[0.011s] Invoking command in '/home/arcs/WatcherSD/ros2_ws/build/turtlebot3_gazebo': CMAKE_PREFIX_PATH=/opt/ros/humble /usr/bin/cmake /home/arcs/WatcherSD/ros2_ws/src/turtlebot3_simulations/turtlebot3_gazebo -DAMENT_CMAKE_SYMLINK_INSTALL=1 -DCMAKE_INSTALL_PREFIX=/home/arcs/WatcherSD/ros2_ws/install/turtlebot3_gazebo
[0.052s] -- The C compiler identification is GNU 11.4.0
[0.095s] -- The CXX compiler identification is GNU 11.4.0
[0.100s] -- Detecting C compiler ABI info
[0.149s] -- Detecting C compiler ABI info - done
[0.160s] -- Check for working C compiler: /usr/bin/cc - skipped
[0.160s] -- Detecting C compile features
[0.160s] -- Detecting C compile features - done
[0.164s] -- Detecting CXX compiler ABI info
[0.221s] -- Detecting CXX compiler ABI info - done
[0.228s] -- Check for working CXX compiler: /usr/bin/c++ - skipped
[0.228s] -- Detecting CXX compile features
[0.228s] -- Detecting CXX compile features - done
[0.230s] -- Found ament_cmake: 1.3.11 (/opt/ros/humble/share/ament_cmake/cmake)
[0.347s] -- Found Python3: /usr/bin/python3 (found version "3.10.12") found components: Interpreter 
[0.395s] -- Override CMake install command with custom implementation using symlinks instead of copying resources
[0.423s] [33mCMake Warning (dev) at /usr/share/cmake-3.22/Modules/FindPackageHandleStandardArgs.cmake:438 (message):
[0.423s]   The package name passed to `find_package_handle_standard_args` (PkgConfig)
[0.423s]   does not match the name of the calling package (gazebo).  This can lead to
[0.423s]   problems in calling code that expects `find_package` result variables
[0.423s]   (e.g., `_FOUND`) to follow a certain pattern.
[0.424s] Call Stack (most recent call first):
[0.424s]   /usr/share/cmake-3.22/Modules/FindPkgConfig.cmake:99 (find_package_handle_standard_args)
[0.424s]   /usr/lib/x86_64-linux-gnu/cmake/gazebo/gazebo-config.cmake:72 (include)
[0.424s]   CMakeLists.txt:23 (find_package)
[0.424s] This warning is for project developers.  Use -Wno-dev to suppress it.
[0.424s] [0m
[0.424s] -- Found PkgConfig: /usr/bin/pkg-config (found version "0.29.2") 
[0.427s] -- Checking for module 'bullet>=2.82'
[0.434s] --   Found bullet, version 3.05
[0.495s] -- Found fcl: /usr/include (found suitable version "0.7.0", minimum required is "0.5.0") 
[0.524s] -- Found assimp: /usr/include (found version "5.2.0") 
[0.538s] -- Found DART: /usr/include (Required is at least version "6.6") found components: dart 
[0.656s] -- Found Boost: /usr/lib/x86_64-linux-gnu/cmake/Boost-1.74.0/BoostConfig.cmake (found suitable version "1.74.0", minimum required is "1.40.0") found components: thread system filesystem program_options regex iostreams date_time 
[0.668s] -- Found Protobuf: /usr/lib/x86_64-linux-gnu/libprotobuf.so (found version "3.12.4") 
[0.671s] -- Looking for ignition-math6 -- found version 6.15.1
[0.676s] -- Searching for dependencies of ignition-math6
[0.677s] -- Looking for OGRE...
[0.677s] -- OGRE_PREFIX_WATCH changed.
[0.680s] -- Checking for module 'OGRE'
[0.688s] --   Found OGRE, version 1.9.0
[0.707s] -- Found Ogre Ghadamon (1.9.0)
[0.714s] -- Found OGRE: optimized;/usr/lib/x86_64-linux-gnu/libOgreMain.so;debug;/usr/lib/x86_64-linux-gnu/libOgreMain.so
[0.722s] -- Looking for OGRE_Paging...
[0.726s] -- Found OGRE_Paging: optimized;/usr/lib/x86_64-linux-gnu/libOgrePaging.so;debug;/usr/lib/x86_64-linux-gnu/libOgrePaging.so
[0.727s] -- Looking for OGRE_Terrain...
[0.730s] -- Found OGRE_Terrain: optimized;/usr/lib/x86_64-linux-gnu/libOgreTerrain.so;debug;/usr/lib/x86_64-linux-gnu/libOgreTerrain.so
[0.731s] -- Looking for OGRE_Property...
[0.735s] -- Found OGRE_Property: optimized;/usr/lib/x86_64-linux-gnu/libOgreProperty.so;debug;/usr/lib/x86_64-linux-gnu/libOgreProperty.so
[0.735s] -- Looking for OGRE_RTShaderSystem...
[0.738s] -- Found OGRE_RTShaderSystem: optimized;/usr/lib/x86_64-linux-gnu/libOgreRTShaderSystem.so;debug;/usr/lib/x86_64-linux-gnu/libOgreRTShaderSystem.so
[0.739s] -- Looking for OGRE_Volume...
[0.742s] -- Found OGRE_Volume: optimized;/usr/lib/x86_64-linux-gnu/libOgreVolume.so;debug;/usr/lib/x86_64-linux-gnu/libOgreVolume.so
[0.742s] -- Looking for OGRE_Overlay...
[0.746s] -- Found OGRE_Overlay: optimized;/usr/lib/x86_64-linux-gnu/libOgreOverlay.so;debug;/usr/lib/x86_64-linux-gnu/libOgreOverlay.so
[0.824s] -- Looking for ignition-math6 -- found version 6.15.1
[0.826s] -- Looking for ignition-transport8 -- found version 8.2.1
[0.826s] -- Searching for dependencies of ignition-transport8
[0.839s] -- Found Protobuf: /usr/lib/x86_64-linux-gnu/libprotobuf.so (found suitable version "3.12.4", minimum required is "3") 
[0.847s] -- Config-file not installed for ZeroMQ -- checking for pkg-config
[0.850s] -- Checking for module 'libzmq >= 4'
[0.860s] --   Found libzmq , version 4.3.4
[0.883s] -- Found ZeroMQ: TRUE (Required is at least version "4") 
[0.886s] -- Checking for module 'uuid'
[0.894s] --   Found uuid, version 2.37.2
[0.913s] -- Found UUID: TRUE  
[0.915s] -- Looking for ignition-msgs5 -- found version 5.8.1
[0.915s] -- Searching for dependencies of ignition-msgs5
[0.930s] -- Looking for ignition-math6 -- found version 6.15.1
[0.933s] -- Checking for module 'tinyxml2'
[0.941s] --   Found tinyxml2, version 9.0.0
[0.962s] -- Looking for ignition-msgs5 -- found version 5.8.1
[0.964s] -- Looking for ignition-common3 -- found version 3.14.0
[0.964s] -- Searching for dependencies of ignition-common3
[0.964s] -- Looking for dlfcn.h - found
[0.965s] -- Looking for libdl - found
[0.966s] -- Found DL: TRUE  
[0.974s] -- Found tinyobjloader: /usr/lib/x86_64-linux-gnu/cmake/tinyobjloader/tinyobjloader-config.cmake (found version "2.0.0") 
[0.974s] -- Searching for <ignition-common3> component [graphics]
[0.976s] -- Looking for ignition-common3-graphics -- found version 3.14.0
[0.976s] -- Searching for dependencies of ignition-common3-graphics
[0.976s] -- Looking for ignition-math6 -- found version 6.15.1
[0.978s] -- Looking for ignition-fuel_tools4 -- found version 4.4.0
[0.979s] -- Searching for dependencies of ignition-fuel_tools4
[1.030s] -- Found CURL: /usr/lib/x86_64-linux-gnu/libcurl.so (found version "7.81.0")  
[1.036s] -- Checking for module 'jsoncpp'
[1.043s] --   Found jsoncpp, version 1.9.5
[1.065s] -- Found JSONCPP: TRUE  
[1.070s] -- Checking for module 'libzip'
[1.080s] --   Found libzip, version 1.7.3
[1.103s] -- Found ZIP: TRUE  
[1.104s] -- Looking for ignition-common3 -- found version 3.14.0
[1.104s] -- Looking for ignition-math6 -- found version 6.15.1
[1.105s] -- Looking for ignition-msgs5 -- found version 5.8.1
[1.110s] -- Found gazebo_ros_pkgs: 3.9.0 (/opt/ros/humble/share/gazebo_ros_pkgs/cmake)
[1.112s] -- Found geometry_msgs: 4.8.0 (/opt/ros/humble/share/geometry_msgs/cmake)
[1.143s] -- Found rosidl_generator_c: 3.1.6 (/opt/ros/humble/share/rosidl_generator_c/cmake)
[1.146s] -- Found rosidl_adapter: 3.1.6 (/opt/ros/humble/share/rosidl_adapter/cmake)
[1.153s] -- Found rosidl_generator_cpp: 3.1.6 (/opt/ros/humble/share/rosidl_generator_cpp/cmake)
[1.162s] -- Using all available rosidl_typesupport_c: rosidl_typesupport_fastrtps_c;rosidl_typesupport_introspection_c
[1.174s] -- Using all available rosidl_typesupport_cpp: rosidl_typesupport_fastrtps_cpp;rosidl_typesupport_introspection_cpp
[1.204s] -- Found nav_msgs: 4.8.0 (/opt/ros/humble/share/nav_msgs/cmake)
[1.218s] -- Found rclcpp: 16.0.12 (/opt/ros/humble/share/rclcpp/cmake)
[1.245s] -- Found rmw_implementation_cmake: 6.1.2 (/opt/ros/humble/share/rmw_implementation_cmake/cmake)
[1.247s] -- Found rmw_fastrtps_cpp: 6.2.7 (/opt/ros/humble/share/rmw_fastrtps_cpp/cmake)
[1.305s] -- Found OpenSSL: /usr/lib/x86_64-linux-gnu/libcrypto.so (found version "3.0.2")  
[1.323s] -- Found FastRTPS: /opt/ros/humble/include  
[1.355s] -- Using RMW implementation 'rmw_fastrtps_cpp' as default
[1.361s] -- Found Threads: TRUE  
[1.390s] -- Found sensor_msgs: 4.8.0 (/opt/ros/humble/share/sensor_msgs/cmake)
[1.404s] -- Found tf2: 0.25.12 (/opt/ros/humble/share/tf2/cmake)
[1.461s] -- Configuring done
[1.493s] -- Generating done
[1.499s] -- Build files have been written to: /home/arcs/WatcherSD/ros2_ws/build/turtlebot3_gazebo
