[0.010s] Invoking command in '/home/arcs/WatcherSD/ros2_ws/build/robot_sim': CMAKE_PREFIX_PATH=/opt/ros/humble /usr/bin/cmake --build /home/arcs/WatcherSD/ros2_ws/build/robot_sim -- -j12 -l12
[0.034s] Invoked command in '/home/arcs/WatcherSD/ros2_ws/build/robot_sim' returned '0': CMAKE_PREFIX_PATH=/opt/ros/humble /usr/bin/cmake --build /home/arcs/WatcherSD/ros2_ws/build/robot_sim -- -j12 -l12
[0.042s] Invoking command in '/home/arcs/WatcherSD/ros2_ws/build/robot_sim': CMAKE_PREFIX_PATH=/opt/ros/humble /usr/bin/cmake --install /home/arcs/WatcherSD/ros2_ws/build/robot_sim
[0.046s] -- Install configuration: ""
[0.047s] -- Execute custom install script
[0.047s] -- Up-to-date symlink: /home/arcs/WatcherSD/ros2_ws/install/robot_sim/share/ament_index/resource_index/package_run_dependencies/robot_sim
[0.047s] -- Up-to-date symlink: /home/arcs/WatcherSD/ros2_ws/install/robot_sim/share/ament_index/resource_index/parent_prefix_path/robot_sim
[0.047s] -- Up-to-date symlink: /home/arcs/WatcherSD/ros2_ws/install/robot_sim/share/robot_sim/environment/ament_prefix_path.sh
[0.047s] -- Up-to-date symlink: /home/arcs/WatcherSD/ros2_ws/install/robot_sim/share/robot_sim/environment/ament_prefix_path.dsv
[0.048s] -- Up-to-date symlink: /home/arcs/WatcherSD/ros2_ws/install/robot_sim/share/robot_sim/environment/path.sh
[0.048s] -- Up-to-date symlink: /home/arcs/WatcherSD/ros2_ws/install/robot_sim/share/robot_sim/environment/path.dsv
[0.048s] -- Up-to-date symlink: /home/arcs/WatcherSD/ros2_ws/install/robot_sim/share/robot_sim/local_setup.bash
[0.048s] -- Up-to-date symlink: /home/arcs/WatcherSD/ros2_ws/install/robot_sim/share/robot_sim/local_setup.sh
[0.048s] -- Up-to-date symlink: /home/arcs/WatcherSD/ros2_ws/install/robot_sim/share/robot_sim/local_setup.zsh
[0.048s] -- Up-to-date symlink: /home/arcs/WatcherSD/ros2_ws/install/robot_sim/share/robot_sim/local_setup.dsv
[0.049s] -- Symlinking: /home/arcs/WatcherSD/ros2_ws/install/robot_sim/share/robot_sim/package.dsv
[0.055s] -- Up-to-date symlink: /home/arcs/WatcherSD/ros2_ws/install/robot_sim/share/ament_index/resource_index/packages/robot_sim
[0.055s] -- Up-to-date symlink: /home/arcs/WatcherSD/ros2_ws/install/robot_sim/share/robot_sim/cmake/robot_simConfig.cmake
[0.055s] -- Up-to-date symlink: /home/arcs/WatcherSD/ros2_ws/install/robot_sim/share/robot_sim/cmake/robot_simConfig-version.cmake
[0.055s] -- Up-to-date symlink: /home/arcs/WatcherSD/ros2_ws/install/robot_sim/share/robot_sim/package.xml
[0.057s] Invoked command in '/home/arcs/WatcherSD/ros2_ws/build/robot_sim' returned '0': CMAKE_PREFIX_PATH=/opt/ros/humble /usr/bin/cmake --install /home/arcs/WatcherSD/ros2_ws/build/robot_sim
